<?xml version="1.0" encoding="UTF-8"?>
<!-- Generated by org.testng.reporters.JUnitReportReporter -->
<testsuite skipped="0" hostname="Chetuiwk1317" name="webdriver.webdriver.testng.CrossBrowserScript" tests="3" failures="0" timestamp="16 May 2017 13:21:35 GMT" time="7.781" errors="0">
  <testcase name="testParameterWithXML" time="2.353" classname="webdriver.webdriver.testng.CrossBrowserScript"/>
  <testcase name="testParameterWithXML" time="3.249" classname="webdriver.webdriver.testng.CrossBrowserScript"/>
  <testcase name="testParameterWithXML" time="2.179" classname="webdriver.webdriver.testng.CrossBrowserScript"/>
</testsuite> <!-- webdriver.webdriver.testng.CrossBrowserScript -->
