<?xml version="1.0" encoding="UTF-8"?>
<!-- Generated by org.testng.reporters.JUnitReportReporter -->
<testsuite skipped="0" hostname="Chetuiwk1317" name="demo.script.testing.Gmail_Login" tests="1" failures="0" timestamp="26 May 2017 10:43:59 GMT" time="0.914" errors="0">
  <testcase name="gmail_login" time="0.914" classname="demo.script.testing.Gmail_Login"/>
</testsuite> <!-- demo.script.testing.Gmail_Login -->
