<?xml version="1.0" encoding="UTF-8"?>
<!-- Generated by org.testng.reporters.JUnitReportReporter -->
<testsuite skipped="0" hostname="Chetuiwk1317" name="webdriver.webdriver.testng.NoParameterWithTestNGXML" tests="1" failures="0" timestamp="15 May 2017 14:23:51 GMT" time="3.212" errors="0">
  <testcase name="testNoParameter" time="3.212" classname="webdriver.webdriver.testng.NoParameterWithTestNGXML"/>
</testsuite> <!-- webdriver.webdriver.testng.NoParameterWithTestNGXML -->
