<?xml version="1.0" encoding="UTF-8"?>
<!-- Generated by org.testng.reporters.JUnitReportReporter -->
<testsuite skipped="0" hostname="Chetuiwk1317" name="parameters.testing.NoParameterWithTestNGXML" tests="1" failures="0" timestamp="17 May 2017 13:29:48 GMT" time="3.193" errors="0">
  <testcase name="testNoParameter" time="3.193" classname="parameters.testing.NoParameterWithTestNGXML"/>
</testsuite> <!-- parameters.testing.NoParameterWithTestNGXML -->
