<?xml version="1.0" encoding="UTF-8"?>
<!-- Generated by org.testng.reporters.JUnitReportReporter -->
<testsuite skipped="0" hostname="Chetuiwk1317" name="webdriver.webdriver.testng.ParameterByDataprovider" tests="3" failures="0" timestamp="15 May 2017 15:07:49 GMT" time="9.487" errors="0">
  <testcase name="testMethod" time="3.232" classname="webdriver.webdriver.testng.ParameterByDataprovider"/>
  <testcase name="testMethod" time="3.122" classname="webdriver.webdriver.testng.ParameterByDataprovider"/>
  <testcase name="testMethod" time="3.133" classname="webdriver.webdriver.testng.ParameterByDataprovider"/>
</testsuite> <!-- webdriver.webdriver.testng.ParameterByDataprovider -->
