<?xml version="1.0" encoding="UTF-8"?>
<!-- Generated by org.testng.reporters.JUnitReportReporter -->
<testsuite skipped="0" hostname="Chetuiwk1317" name="webdriver.webdriver.testng.DataProviderParametersExample" tests="3" failures="0" timestamp="15 May 2017 17:12:45 GMT" time="2.926" errors="0">
  <testcase name="scenario2" time="0.610" classname="webdriver.webdriver.testng.DataProviderParametersExample"/>
  <testcase name="scenario1" time="0.792" classname="webdriver.webdriver.testng.DataProviderParametersExample"/>
  <testcase name="commonScenarios" time="1.524" classname="webdriver.webdriver.testng.DataProviderParametersExample"/>
</testsuite> <!-- webdriver.webdriver.testng.DataProviderParametersExample -->
