<?xml version="1.0" encoding="UTF-8"?>
<!-- Generated by org.testng.reporters.JUnitReportReporter -->
<testsuite skipped="0" hostname="Chetuiwk1317" name="webdriver.webdriver.testng.ParameterWithTestNGXML" tests="1" failures="0" timestamp="15 May 2017 14:54:29 GMT" time="3.201" errors="0">
  <testcase name="parameterWithTestNGXML" time="3.201" classname="webdriver.webdriver.testng.ParameterWithTestNGXML"/>
</testsuite> <!-- webdriver.webdriver.testng.ParameterWithTestNGXML -->
