<?xml version="1.0" encoding="UTF-8"?>
<!-- Generated by org.testng.reporters.JUnitReportReporter -->
<testsuite skipped="0" hostname="Chetuiwk1317" name="webdriver.webdriver.testng.firsttestngfile" tests="2" failures="0" timestamp="15 May 2017 13:56:56 GMT" time="32.221" errors="0">
  <testcase name="register" time="14.981" classname="webdriver.webdriver.testng.firsttestngfile"/>
  <testcase name="support" time="17.240" classname="webdriver.webdriver.testng.firsttestngfile"/>
</testsuite> <!-- webdriver.webdriver.testng.firsttestngfile -->
