<?xml version="1.0" encoding="UTF-8"?>
<!-- Generated by org.testng.reporters.JUnitReportReporter -->
<testsuite skipped="0" hostname="Chetuiwk1317" name="cross.browser.testing.CrossBrowserScript" tests="3" failures="0" timestamp="17 May 2017 13:25:53 GMT" time="10.662" errors="0">
  <testcase name="testParameterWithXML" time="2.308" classname="cross.browser.testing.CrossBrowserScript"/>
  <testcase name="testParameterWithXML" time="2.984" classname="cross.browser.testing.CrossBrowserScript"/>
  <testcase name="testParameterWithXML" time="5.370" classname="cross.browser.testing.CrossBrowserScript"/>
</testsuite> <!-- cross.browser.testing.CrossBrowserScript -->
