<?xml version="1.0" encoding="UTF-8"?>
<!-- Generated by org.testng.reporters.JUnitReportReporter -->
<testsuite skipped="0" hostname="Chetuiwk1317" name="parameters.testing.ParameterByITestContextInDataprovider" tests="6" failures="0" timestamp="17 May 2017 13:28:01 GMT" time="18.886" errors="0">
  <testcase name="testMethodB" time="3.166" classname="parameters.testing.ParameterByITestContextInDataprovider"/>
  <testcase name="testMethodA" time="3.127" classname="parameters.testing.ParameterByITestContextInDataprovider"/>
  <testcase name="testMethodA" time="3.112" classname="parameters.testing.ParameterByITestContextInDataprovider"/>
  <testcase name="testMethodB" time="3.121" classname="parameters.testing.ParameterByITestContextInDataprovider"/>
  <testcase name="testMethodA" time="3.221" classname="parameters.testing.ParameterByITestContextInDataprovider"/>
  <testcase name="testMethodB" time="3.139" classname="parameters.testing.ParameterByITestContextInDataprovider"/>
</testsuite> <!-- parameters.testing.ParameterByITestContextInDataprovider -->
