<?xml version="1.0" encoding="UTF-8"?>
<!-- Generated by org.testng.reporters.JUnitReportReporter -->
<testsuite skipped="0" hostname="Chetuiwk1317" name="parameters.testing.ParameterByDataprovider" tests="3" failures="0" timestamp="17 May 2017 13:30:26 GMT" time="9.455" errors="0">
  <testcase name="testMethod" time="3.120" classname="parameters.testing.ParameterByDataprovider"/>
  <testcase name="testMethod" time="3.199" classname="parameters.testing.ParameterByDataprovider"/>
  <testcase name="testMethod" time="3.136" classname="parameters.testing.ParameterByDataprovider"/>
</testsuite> <!-- parameters.testing.ParameterByDataprovider -->
