<?xml version="1.0" encoding="UTF-8"?>
<!-- Generated by org.testng.reporters.JUnitReportReporter -->
<testsuite skipped="0" hostname="Chetuiwk1317" name="webdriver.webdriver.testng.ParameterDataproviderWithClassLevel" tests="3" failures="0" timestamp="15 May 2017 15:13:28 GMT" time="9.442" errors="0">
  <testcase name="testMethod" time="3.208" classname="webdriver.webdriver.testng.ParameterDataproviderWithClassLevel"/>
  <testcase name="testMethod" time="3.116" classname="webdriver.webdriver.testng.ParameterDataproviderWithClassLevel"/>
  <testcase name="testMethod" time="3.118" classname="webdriver.webdriver.testng.ParameterDataproviderWithClassLevel"/>
</testsuite> <!-- webdriver.webdriver.testng.ParameterDataproviderWithClassLevel -->
