<?xml version="1.0" encoding="UTF-8"?>
<!-- Generated by org.testng.reporters.JUnitReportReporter -->
<testsuite skipped="0" hostname="Chetuiwk1317" name="parameters.testing.ParameterDataproviderWithClassLevel" tests="3" failures="0" timestamp="17 May 2017 13:32:06 GMT" time="9.447" errors="0">
  <testcase name="testMethod" time="3.122" classname="parameters.testing.ParameterDataproviderWithClassLevel"/>
  <testcase name="testMethod" time="3.199" classname="parameters.testing.ParameterDataproviderWithClassLevel"/>
  <testcase name="testMethod" time="3.126" classname="parameters.testing.ParameterDataproviderWithClassLevel"/>
</testsuite> <!-- parameters.testing.ParameterDataproviderWithClassLevel -->
