<?xml version="1.0" encoding="UTF-8"?>
<!-- Generated by org.testng.reporters.JUnitReportReporter -->
<testsuite skipped="0" hostname="Chetuiwk1317" name="parameters.testing.ParameterWithTestNGXML" tests="1" failures="0" timestamp="17 May 2017 13:29:07 GMT" time="3.190" errors="0">
  <testcase name="parameterWithTestNGXML" time="3.190" classname="parameters.testing.ParameterWithTestNGXML"/>
</testsuite> <!-- parameters.testing.ParameterWithTestNGXML -->
