<?xml version="1.0" encoding="UTF-8"?>
<!-- Generated by org.testng.reporters.JUnitReportReporter -->
<testsuite skipped="0" hostname="Chetuiwk1317" name="keyworddriven.testing.framework.POMClass" tests="1" failures="0" timestamp="17 May 2017 11:27:41 GMT" time="88.554" errors="0">
  <testcase name="test" time="88.554" classname="keyworddriven.testing.framework.POMClass"/>
</testsuite> <!-- keyworddriven.testing.framework.POMClass -->
