<?xml version="1.0" encoding="UTF-8"?>
<!-- Generated by org.testng.reporters.JUnitReportReporter -->
<testsuite skipped="0" hostname="Chetuiwk1317" name="parameters.testing.ParameterByMethodInDataprovider" tests="6" failures="0" timestamp="17 May 2017 13:31:31 GMT" time="18.880" errors="0">
  <testcase name="testMethodA" time="3.116" classname="parameters.testing.ParameterByMethodInDataprovider"/>
  <testcase name="testMethodA" time="3.245" classname="parameters.testing.ParameterByMethodInDataprovider"/>
  <testcase name="testMethodB" time="3.136" classname="parameters.testing.ParameterByMethodInDataprovider"/>
  <testcase name="testMethodB" time="3.116" classname="parameters.testing.ParameterByMethodInDataprovider"/>
  <testcase name="testMethodA" time="3.133" classname="parameters.testing.ParameterByMethodInDataprovider"/>
  <testcase name="testMethodB" time="3.134" classname="parameters.testing.ParameterByMethodInDataprovider"/>
</testsuite> <!-- parameters.testing.ParameterByMethodInDataprovider -->
