<?xml version="1.0" encoding="UTF-8"?>
<!-- Generated by org.testng.reporters.JUnitReportReporter -->
<testsuite skipped="0" hostname="Chetuiwk1317" name="webdriver.webdriver.testng.DataProviderParametersIntegrationExample" tests="1" failures="0" timestamp="15 May 2017 17:18:20 GMT" time="0.951" errors="0">
  <testcase name="integrationTest" time="0.951" classname="webdriver.webdriver.testng.DataProviderParametersIntegrationExample"/>
</testsuite> <!-- webdriver.webdriver.testng.DataProviderParametersIntegrationExample -->
