<?xml version="1.0" encoding="UTF-8"?>
<!-- Generated by org.testng.reporters.JUnitReportReporter -->
<testsuite skipped="0" hostname="Chetuiwk1317" name="webdriver.webdriver.testng.ParameterByMethodInDataprovider" tests="6" failures="0" timestamp="15 May 2017 15:17:53 GMT" time="18.837" errors="0">
  <testcase name="testMethodA" time="3.110" classname="webdriver.webdriver.testng.ParameterByMethodInDataprovider"/>
  <testcase name="testMethodB" time="3.153" classname="webdriver.webdriver.testng.ParameterByMethodInDataprovider"/>
  <testcase name="testMethodA" time="3.229" classname="webdriver.webdriver.testng.ParameterByMethodInDataprovider"/>
  <testcase name="testMethodB" time="3.116" classname="webdriver.webdriver.testng.ParameterByMethodInDataprovider"/>
  <testcase name="testMethodA" time="3.108" classname="webdriver.webdriver.testng.ParameterByMethodInDataprovider"/>
  <testcase name="testMethodB" time="3.121" classname="webdriver.webdriver.testng.ParameterByMethodInDataprovider"/>
</testsuite> <!-- webdriver.webdriver.testng.ParameterByMethodInDataprovider -->
