<?xml version="1.0" encoding="UTF-8"?>
<!-- Generated by org.testng.reporters.JUnitReportReporter -->
<testsuite skipped="0" hostname="Chetuiwk1317" name="keyworddriven.testing.framework.KeywordDriventestClass" tests="6" failures="0" timestamp="17 May 2017 17:17:46 GMT" time="24.562" errors="0">
  <testcase name="test" time="0.652" classname="keyworddriven.testing.framework.KeywordDriventestClass"/>
  <testcase name="test" time="0.094" classname="keyworddriven.testing.framework.KeywordDriventestClass"/>
  <testcase name="test" time="0.045" classname="keyworddriven.testing.framework.KeywordDriventestClass"/>
  <testcase name="test" time="1.703" classname="keyworddriven.testing.framework.KeywordDriventestClass"/>
  <testcase name="test" time="0.039" classname="keyworddriven.testing.framework.KeywordDriventestClass"/>
  <testcase name="test" time="22.029" classname="keyworddriven.testing.framework.KeywordDriventestClass"/>
</testsuite> <!-- keyworddriven.testing.framework.KeywordDriventestClass -->
